a.log
a.lot
arswap
b.log
c.log
d.log
fuse.conf
s10_asc3nums.sh
s11_石头简单布.sh
s12_testnet.sh
s13_testnet_while.sh
s14_testnet_mulpro.sh
s15_showProcessBar.sh
s16_showProcessBar_active.sh
s17_99pro.sh
s18_dateeth0.sh
s19_allusertxt.sh
s1_echo.sh
s20_batextname.sh
s21_expectromote.sh
s22_installLNMP_sourcecode.sh
s23_scripcopy_KVMvirture.sh
s24_roll.sh
s25_howmanyromoteip.sh
s26_sum1to100.sh
s27_howmanyrequesttoapacheserverintime.sh
s28_whatisrequesttoapachesserverintime.sh
s29_chessplate.sh
s2_adduser.sh
s30_requesttimes.sh
s31_howmanyaccareloging.sh
s32_fileNname.sh
s33_autoaddinterpreterinfo.sh
s34_autovarnish.sh
s35_nginxstart.sh
s36_autodisk.sh
s37_autocorepara.sh
s38_cutlog.sh
s39_mysqlconsnum.sh
s3_logbak.sh
s40_md5.sh
s41_mysqlalive.sh
s42_mysqldump.sh
s43_lo2up.sh
s4_instLNMP.sh
s5_memmoniter.sh
s6_guessnumber.sh
s7_installvsftpd.sh
s8_installvsftpd2.sh
s9_createnewacc.sh
user.txt
zhihu.nettxt
